
################################################################################
#
# This file has been generated by SpyGlass:
#     Report Name      : moresimple
#     Report Created by: u109022210
#     Report Created on:  Sat Jan  6 19:24:04 2024
#     Working Directory: /home/u109/u109022210/ICLAB/Final_Project_ver1/hdl
#     SpyGlass Version : SpyGlass_vR-2020.12-SP2
#     Policy Name      : SpyGlass(SpyGlass_vR-2020.12-SP2)
#                        clock-reset(SpyGlass_vR-2020.12-SP2)
#                        erc(SpyGlass_vR-2020.12-SP2)
#                        latch(SpyGlass_vR-2020.12-SP2)
#                        lint(SpyGlass_vR-2020.12-SP2)
#                        morelint(SpyGlass_vR-2020.12-SP2)
#                        openmore(SpyGlass_vR-2020.12-SP2)
#                        power_est(SpyGlass_vR-2020.12-SP2)
#                        simulation(SpyGlass_vR-2020.12-SP2)
#                        starc(SpyGlass_vR-2020.12-SP2)
#                        starc2005(SpyGlass_vR-2020.12-SP2)
#                        txv(SpyGlass_vR-2020.12-SP2)
#
#     Total Number of Generated Messages :         18
#     Number of Waived Messages          :          0
#     Number of Reported Messages        :         18
#     Number of Overlimit Messages       :          0
#
#
################################################################################

+++++++++++++++++++++++++++++++++++++++++++++++++++++++++++++++++++++++
MORESIMPLE REPORT:


############### BuiltIn -> RuleGroup=Blackbox Resolution ###############
+++++++++++++++++++++++++++++++++++++++++++++++++++++++++++++++++++++++++++++++++++++++
ID       Rule               Alias              Severity    File                Line    Wt    Message
======================================================================================
[16]     InfoAnalyzeBBox    InfoAnalyzeBBox    Info        top_riscv_core.v    143     10    Design Unit 'Icache' has empty definition; Ignore specification applied on design unit using 'ignoredu' option
[15]     InfoAnalyzeBBox    InfoAnalyzeBBox    Info        top_riscv_core.v    296     10    Design Unit 'Dcache' has empty definition; Ignore specification applied on design unit using 'ignoredu' option
+++++++++++++++++++++++++++++++++++++++++++++++++++++++++++++++++++++++++++++++++++++++


############### BuiltIn -> RuleGroup=Design Read ###############
+++++++++++++++++++++++++++++++++++++++++++++++++++++++++++++++++++++++++++++++++++++++
ID       Rule                    Alias                   Severity    File                                                                       Line    Wt    Message
======================================================================================
[2]      DetectTopDesignUnits    DetectTopDesignUnits    Info        top_riscv_core.v                                                           2       2     Module top_riscv_core is a top level design unit
[1]      ElabSummary             ElabSummary             Info        ./spyglass-1/lint/lint_rtl/spyglass_reports/SpyGlass/elab_summary.rpt      0       2     Please refer file './spyglass-1/lint/lint_rtl/spyglass_reports/SpyGlass/elab_summary.rpt' for elab summary report
[10]     InferBlackBox           inferblackbox           Info        N.A.                                                                       0       10    Interfaces for blackbox modules have been inferred. Please refer to AnalyzeBBox violations for more details
[0]      ReportIgnoreSummary     ReportIgnoreSummary     Info        ./spyglass-1/lint/lint_rtl/spyglass_reports/SpyGlass/ignore_summary.rpt    0       10    Design option(s) ignorefile/ignoredu specified. Please see ./spyglass-1/lint/lint_rtl/spyglass_reports/SpyGlass/ignore_summary.rpt to know the design files/design units which have been ignored
+++++++++++++++++++++++++++++++++++++++++++++++++++++++++++++++++++++++++++++++++++++++


############### Non-BuiltIn -> Goal=lint/lint_rtl ###############
+++++++++++++++++++++++++++++++++++++++++++++++++++++++++++++++++++++++++++++++++++++++
ID       Rule    Alias    Severity    File                                                                      Line    Wt    Message
======================================================================================
[F]      W240             Warning     EX_M.v                                                                    10      10    Input 'ALU_ctrl_EX[3:0]' declared but not read.[Hierarchy: ':top_riscv_core:EX_M_U0@EX_M']
[E]      W240             Warning     EX_M.v                                                                    11      10    Input 'zero_EX' declared but not read.[Hierarchy: ':top_riscv_core:EX_M_U0@EX_M']
[C]      W528             Warning     regfile.v                                                                 258     10    Variable 'gpr0_n[31:0]' set but not read.[Hierarchy: ':top_riscv_core:regfile_U0@regfile']
[8]      W528             Warning     top_riscv_core.v                                                          112     10    Variable 'pc_jal[31:0]' set but not read.[Hierarchy: ':top_riscv_core']
[9]      W528             Warning     top_riscv_core.v                                                          268     10    Variable 'pc_branch_M[31:0]' set but not read.[Hierarchy: ':top_riscv_core']
[3]      W528             Warning     top_riscv_core.v                                                          277     10    Variable 'branch_M' set but not read.[Hierarchy: ':top_riscv_core']
[5]      W528             Warning     top_riscv_core.v                                                          279     10    Variable 'jal_M' set but not read.[Hierarchy: ':top_riscv_core']
[A]      W528             Warning     top_riscv_core.v                                                          291     10    Variable 'instr_M[31:0]' set but not read.[Hierarchy: ':top_riscv_core']
[7]      W528             Warning     top_riscv_core.v                                                          330     10    Variable 'rs1_raddr_RB[4:0]' set but not read.[Hierarchy: ':top_riscv_core']
[6]      W528             Warning     top_riscv_core.v                                                          331     10    Variable 'rs2_raddr_RB[4:0]' set but not read.[Hierarchy: ':top_riscv_core']
[D]      W240             Info        ./spyglass-1/lint/lint_rtl/spyglass_reports/lint/SignalUsageReport.rpt    0       10    Please refer to 'SignalUsageReport.rpt' for details of violating bits
[4]      W528             Info        ./spyglass-1/lint/lint_rtl/spyglass_reports/lint/SignalUsageReport.rpt    0       10    Please refer to 'SignalUsageReport.rpt' for details of violating bits
+++++++++++++++++++++++++++++++++++++++++++++++++++++++++++++++++++++++++++++++++++++++

################################################################################
#
# This file has been generated by SpyGlass:
#     Report Name      : moresimple
#     Report Created by: u109022210
#     Report Created on: Sat Jan  6 19:24:15 2024
#     Working Directory: /home/u109/u109022210/ICLAB/Final_Project_ver1/hdl
#     SpyGlass Version : SpyGlass_vR-2020.12-SP2
#     Policy Name      : SpyGlass(SpyGlass_vR-2020.12-SP2)
#                        auto-verify(SpyGlass_vR-2020.12-SP2)
#                        erc(SpyGlass_vR-2020.12-SP2)
#                        latch(SpyGlass_vR-2020.12-SP2)
#                        lint(SpyGlass_vR-2020.12-SP2)
#                        morelint(SpyGlass_vR-2020.12-SP2)
#                        openmore(SpyGlass_vR-2020.12-SP2)
#                        simulation(SpyGlass_vR-2020.12-SP2)
#                        starc(SpyGlass_vR-2020.12-SP2)
#                        starc2005(SpyGlass_vR-2020.12-SP2)
#
#     Total Number of Generated Primary Messages   :         20
#     Total Number of Generated Secondary Messages :          0
#     Number of Waived Primary Messages            :          0
#     Number of Waived Secondary Messages          :          0
#     Number of Reported Primary Messages          :         20
#     Number of Overlimit Messages                 :          0
#
#
################################################################################

++++++++++++++++++++++++++++++++++++++++++++++++++++++++++++++++++++++++++++++++++++++++++++++++++++++++++++++++
MORESIMPLE REPORT:


############### BuiltIn -> RuleGroup=Blackbox Resolution ###############
++++++++++++++++++++++++++++++++++++++++++++++++++++++++++++++++++++++++++++++++++++++++++++++++++++++++++++++++++++++++
ID       Rule               Alias              Severity    File                Line    Wt    Secondary Msg Count    Message
========================================================================================================================
[19]     InfoAnalyzeBBox    InfoAnalyzeBBox    Info        top_riscv_core.v    143     10    NA                     Design Unit 'Icache' has empty definition; Ignore specification applied on design unit using 'ignoredu' option
[18]     InfoAnalyzeBBox    InfoAnalyzeBBox    Info        top_riscv_core.v    296     10    NA                     Design Unit 'Dcache' has empty definition; Ignore specification applied on design unit using 'ignoredu' option
+++++++++++++++++++++++++++++++++++++++++++++++++++++++++++++++++++++++++++++++++++++++++++++++++++++++++++++++++++++++


############### BuiltIn -> RuleGroup=Command-line read ###############
++++++++++++++++++++++++++++++++++++++++++++++++++++++++++++++++++++++++++++++++++++++++++++++++++++++++++++++++++++++++
ID       Rule                     Alias          Severity    File    Line    Wt    Secondary Msg Count    Message
========================================================================================================================
[0]      checkCMD_unset_option    UnsetOption    Warning     N.A.    0       10    NA                     Option/Parameter 'enable_save_restore': Feature 'save-restore' is not supported with option 'policy=auto-verify'.Disabling all 'save-restore' related options
+++++++++++++++++++++++++++++++++++++++++++++++++++++++++++++++++++++++++++++++++++++++++++++++++++++++++++++++++++++++


############### BuiltIn -> RuleGroup=Design Read ###############
++++++++++++++++++++++++++++++++++++++++++++++++++++++++++++++++++++++++++++++++++++++++++++++++++++++++++++++++++++++++
ID       Rule                    Alias                   Severity    File                                                                             Line    Wt    Secondary Msg Count    Message
========================================================================================================================
[4]      DetectTopDesignUnits    DetectTopDesignUnits    Info        top_riscv_core.v                                                                 2       2     NA                     Module top_riscv_core is a top level design unit
[3]      ElabSummary             ElabSummary             Info        ./spyglass-1/lint/lint_turbo_rtl/spyglass_reports/SpyGlass/elab_summary.rpt      0       2     NA                     Please refer file './spyglass-1/lint/lint_turbo_rtl/spyglass_reports/SpyGlass/elab_summary.rpt' for elab summary report
[13]     InferBlackBox           inferblackbox           Info        N.A.                                                                             0       10    NA                     Interfaces for blackbox modules have been inferred. Please refer to AnalyzeBBox violations for more details
[2]      ReportIgnoreSummary     ReportIgnoreSummary     Info        ./spyglass-1/lint/lint_turbo_rtl/spyglass_reports/SpyGlass/ignore_summary.rpt    0       10    NA                     Design option(s) ignorefile/ignoredu specified. Please see ./spyglass-1/lint/lint_turbo_rtl/spyglass_reports/SpyGlass/ignore_summary.rpt to know the design files/design units which have been ignored
[1]      TurboModeStatus         TurboModeStatus         Info        N.A.                                                                             0       10    NA                     Turbo-Mode is enabled in the current run as turbo_struct license feature successfully checked out
+++++++++++++++++++++++++++++++++++++++++++++++++++++++++++++++++++++++++++++++++++++++++++++++++++++++++++++++++++++++


############### Non-BuiltIn -> Goal=lint/lint_turbo_rtl ###############
++++++++++++++++++++++++++++++++++++++++++++++++++++++++++++++++++++++++++++++++++++++++++++++++++++++++++++++++++++++++
ID       Rule    Alias    Severity    File                                                                            Line    Wt    Secondary Msg Count    Message
========================================================================================================================
[11]     W240             Warning     EX_M.v                                                                          10      10    NA                     Input 'ALU_ctrl_EX[3:0]' declared but not read.[Hierarchy: ':top_riscv_core:EX_M_U0@EX_M']
[10]     W240             Warning     EX_M.v                                                                          11      10    NA                     Input 'zero_EX' declared but not read.[Hierarchy: ':top_riscv_core:EX_M_U0@EX_M']
[E]      W528             Warning     regfile.v                                                                       258     10    NA                     Variable 'gpr0_n[31:0]' set but not read.[Hierarchy: ':top_riscv_core:regfile_U0@regfile']
[A]      W528             Warning     top_riscv_core.v                                                                112     10    NA                     Variable 'pc_jal[31:0]' set but not read.[Hierarchy: ':top_riscv_core']
[B]      W528             Warning     top_riscv_core.v                                                                268     10    NA                     Variable 'pc_branch_M[31:0]' set but not read.[Hierarchy: ':top_riscv_core']
[5]      W528             Warning     top_riscv_core.v                                                                277     10    NA                     Variable 'branch_M' set but not read.[Hierarchy: ':top_riscv_core']
[7]      W528             Warning     top_riscv_core.v                                                                279     10    NA                     Variable 'jal_M' set but not read.[Hierarchy: ':top_riscv_core']
[C]      W528             Warning     top_riscv_core.v                                                                291     10    NA                     Variable 'instr_M[31:0]' set but not read.[Hierarchy: ':top_riscv_core']
[9]      W528             Warning     top_riscv_core.v                                                                330     10    NA                     Variable 'rs1_raddr_RB[4:0]' set but not read.[Hierarchy: ':top_riscv_core']
[8]      W528             Warning     top_riscv_core.v                                                                331     10    NA                     Variable 'rs2_raddr_RB[4:0]' set but not read.[Hierarchy: ':top_riscv_core']
[F]      W240             Info        ./spyglass-1/lint/lint_turbo_rtl/spyglass_reports/lint/SignalUsageReport.rpt    0       10    NA                     Please refer to 'SignalUsageReport.rpt' for details of violating bits
[6]      W528             Info        ./spyglass-1/lint/lint_turbo_rtl/spyglass_reports/lint/SignalUsageReport.rpt    0       10    NA                     Please refer to 'SignalUsageReport.rpt' for details of violating bits
+++++++++++++++++++++++++++++++++++++++++++++++++++++++++++++++++++++++++++++++++++++++++++++++++++++++++++++++++++++++

################################################################################
#
# This file has been generated by SpyGlass:
#     Report Name      : moresimple
#     Report Created by: u109022210
#     Report Created on:  Sat Jan  6 19:24:20 2024
#     Working Directory: /home/u109/u109022210/ICLAB/Final_Project_ver1/hdl
#     SpyGlass Version : SpyGlass_vR-2020.12-SP2
#     Policy Name      : SpyGlass(SpyGlass_vR-2020.12-SP2)
#                        auto-verify(SpyGlass_vR-2020.12-SP2)
#
#     Total Number of Generated Messages :          8
#     Number of Waived Messages          :          0
#     Number of Reported Messages        :          8
#     Number of Overlimit Messages       :          0
#
#
################################################################################

+++++++++++++++++++++++++++++++++++++++++++++++++++++++++++++++++++++++
MORESIMPLE REPORT:
############### FATAL MESSAGES ############### 
+++++++++++++++++++++++++++++++++++++++++++++++++++++++++++++++++++++++++++++++++
ID       Rule         Alias    Severity    File                Line    Wt    Message
======================================================================================
[5]      Av_init01             Fatal       top_riscv_core.v    2       10    Could not find clocks for all the flops. Please add clock SGDC constraint to the design
+++++++++++++++++++++++++++++++++++++++++++++++++++++++++++++++++++++++++++++++++++++++


############### BuiltIn -> RuleGroup=Blackbox Resolution ###############
+++++++++++++++++++++++++++++++++++++++++++++++++++++++++++++++++++++++++++++++++++++++
ID       Rule               Alias              Severity    File                Line    Wt    Message
======================================================================================
[7]      InfoAnalyzeBBox    InfoAnalyzeBBox    Info        top_riscv_core.v    143     10    Design Unit 'Icache' has empty definition; Ignore specification applied on design unit using 'ignoredu' option
[6]      InfoAnalyzeBBox    InfoAnalyzeBBox    Info        top_riscv_core.v    296     10    Design Unit 'Dcache' has empty definition; Ignore specification applied on design unit using 'ignoredu' option
+++++++++++++++++++++++++++++++++++++++++++++++++++++++++++++++++++++++++++++++++++++++


############### BuiltIn -> RuleGroup=Command-line read ###############
+++++++++++++++++++++++++++++++++++++++++++++++++++++++++++++++++++++++++++++++++++++++
ID       Rule                     Alias          Severity    File    Line    Wt    Message
======================================================================================
[0]      checkCMD_unset_option    UnsetOption    Warning     N.A.    0       10    Option/Parameter 'enable_save_restore': Feature 'save-restore' is not supported with option 'policy=auto-verify'.Disabling all 'save-restore' related options
+++++++++++++++++++++++++++++++++++++++++++++++++++++++++++++++++++++++++++++++++++++++


############### BuiltIn -> RuleGroup=Design Read ###############
+++++++++++++++++++++++++++++++++++++++++++++++++++++++++++++++++++++++++++++++++++++++
ID       Rule                    Alias                   Severity    File                                                                                  Line    Wt    Message
======================================================================================
[3]      DetectTopDesignUnits    DetectTopDesignUnits    Info        top_riscv_core.v                                                                      2       2     Module top_riscv_core is a top level design unit
[2]      ElabSummary             ElabSummary             Info        ./spyglass-1/lint/lint_functional_rtl/spyglass_reports/SpyGlass/elab_summary.rpt      0       2     Please refer file './spyglass-1/lint/lint_functional_rtl/spyglass_reports/SpyGlass/elab_summary.rpt' for elab summary report
[4]      InferBlackBox           inferblackbox           Info        N.A.                                                                                  0       10    Interfaces for blackbox modules have been inferred. Please refer to AnalyzeBBox violations for more details
[1]      ReportIgnoreSummary     ReportIgnoreSummary     Info        ./spyglass-1/lint/lint_functional_rtl/spyglass_reports/SpyGlass/ignore_summary.rpt    0       10    Design option(s) ignorefile/ignoredu specified. Please see ./spyglass-1/lint/lint_functional_rtl/spyglass_reports/SpyGlass/ignore_summary.rpt to know the design files/design units which have been ignored
+++++++++++++++++++++++++++++++++++++++++++++++++++++++++++++++++++++++++++++++++++++++

################################################################################
#
# This file has been generated by SpyGlass:
#     Report Name      : moresimple
#     Report Created by: u109022210
#     Report Created on:  Sat Jan  6 19:24:24 2024
#     Working Directory: /home/u109/u109022210/ICLAB/Final_Project_ver1/hdl
#     SpyGlass Version : SpyGlass_vR-2020.12-SP2
#     Policy Name      : SpyGlass(SpyGlass_vR-2020.12-SP2)
#                        lint(SpyGlass_vR-2020.12-SP2)
#
#     Total Number of Generated Messages :          5
#     Number of Waived Messages          :          0
#     Number of Reported Messages        :          5
#     Number of Overlimit Messages       :          0
#
#
################################################################################

+++++++++++++++++++++++++++++++++++++++++++++++++++++++++++++++++++++++
MORESIMPLE REPORT:


############### BuiltIn -> RuleGroup=Blackbox Resolution ###############
+++++++++++++++++++++++++++++++++++++++++++++++++++++++++++++++++++++++++++++++++++++++
ID       Rule               Alias              Severity    File                Line    Wt    Message
======================================================================================
[4]      InfoAnalyzeBBox    InfoAnalyzeBBox    Info        top_riscv_core.v    143     10    Design Unit 'Icache' has empty definition; Ignore specification applied on design unit using 'ignoredu' option
[3]      InfoAnalyzeBBox    InfoAnalyzeBBox    Info        top_riscv_core.v    296     10    Design Unit 'Dcache' has empty definition; Ignore specification applied on design unit using 'ignoredu' option
+++++++++++++++++++++++++++++++++++++++++++++++++++++++++++++++++++++++++++++++++++++++


############### BuiltIn -> RuleGroup=Design Read ###############
+++++++++++++++++++++++++++++++++++++++++++++++++++++++++++++++++++++++++++++++++++++++
ID       Rule                    Alias                   Severity    File                                                                          Line    Wt    Message
======================================================================================
[1]      DetectTopDesignUnits    DetectTopDesignUnits    Info        top_riscv_core.v                                                              2       2     Module top_riscv_core is a top level design unit
[0]      ElabSummary             ElabSummary             Info        ./spyglass-1/lint/lint_abstract/spyglass_reports/SpyGlass/elab_summary.rpt    0       2     Please refer file './spyglass-1/lint/lint_abstract/spyglass_reports/SpyGlass/elab_summary.rpt' for elab summary report
+++++++++++++++++++++++++++++++++++++++++++++++++++++++++++++++++++++++++++++++++++++++


############### Non-BuiltIn -> Goal=lint/lint_abstract ###############
+++++++++++++++++++++++++++++++++++++++++++++++++++++++++++++++++++++++++++++++++++++++
ID       Rule               Alias    Severity    File                                                                                                                          Line    Wt    Message
======================================================================================
[2]      LINT_abstract01             Info        ./spyglass-1/lint/lint_abstract/spyglass_reports/abstract_view/top_riscv_core_ADDR_NUM_256_ADDR_WIDTH_8_lint_abstract.sgdc    0       2     Abstract view for design 'top_riscv_core' succesfully created
+++++++++++++++++++++++++++++++++++++++++++++++++++++++++++++++++++++++++++++++++++++++
